\BOOKMARK [1][-]{section.1}{Mod\350le entit\351-relation}{}% 1
\BOOKMARK [2][-]{subsection.1.1}{cl\351s entit\351s}{section.1}% 2
\BOOKMARK [3][-]{subsubsection.1.1.1}{esp\350ce}{subsection.1.1}% 3
\BOOKMARK [3][-]{subsubsection.1.1.2}{animal}{subsection.1.1}% 4
\BOOKMARK [3][-]{subsubsection.1.1.3}{institution}{subsection.1.1}% 5
\BOOKMARK [3][-]{subsubsection.1.1.4}{intervention}{subsection.1.1}% 6
\BOOKMARK [3][-]{subsubsection.1.1.5}{membre du personnel}{subsection.1.1}% 7
\BOOKMARK [3][-]{subsubsection.1.1.6}{v\351t\351rinaire}{subsection.1.1}% 8
\BOOKMARK [3][-]{subsubsection.1.1.7}{technicien}{subsection.1.1}% 9
\BOOKMARK [3][-]{subsubsection.1.1.8}{enclos}{subsection.1.1}% 10
\BOOKMARK [3][-]{subsubsection.1.1.9}{entretien}{subsection.1.1}% 11
\BOOKMARK [3][-]{subsubsection.1.1.10}{\351quipement}{subsection.1.1}% 12
\BOOKMARK [3][-]{subsubsection.1.1.11}{local}{subsection.1.1}% 13
\BOOKMARK [2][-]{subsection.1.2}{cl\351s relations}{section.1}% 14
\BOOKMARK [3][-]{subsubsection.1.2.1}{intervention\137sur}{subsection.1.2}% 15
\BOOKMARK [3][-]{subsubsection.1.2.2}{appartient\137a}{subsection.1.2}% 16
\BOOKMARK [3][-]{subsubsection.1.2.3}{pr\352t\351\137par}{subsection.1.2}% 17
\BOOKMARK [3][-]{subsubsection.1.2.4}{contient}{subsection.1.2}% 18
\BOOKMARK [3][-]{subsubsection.1.2.5}{intervention\137par}{subsection.1.2}% 19
\BOOKMARK [3][-]{subsubsection.1.2.6}{entretenu}{subsection.1.2}% 20
\BOOKMARK [3][-]{subsubsection.1.2.7}{utilise}{subsection.1.2}% 21
\BOOKMARK [3][-]{subsubsection.1.2.8}{entrepos\351}{subsection.1.2}% 22
\BOOKMARK [3][-]{subsubsection.1.2.9}{r\351alis\351\137par}{subsection.1.2}% 23
\BOOKMARK [2][-]{subsection.1.3}{contraintes d'int\351grit\351}{section.1}% 24
\BOOKMARK [1][-]{section.2}{Mod\350le relationnel}{}% 25
